
                         MODELLER 9v5, 2008/10/07, r6498

     PROTEIN STRUCTURE MODELLING BY SATISFACTION OF SPATIAL RESTRAINTS


                     Copyright(c) 1989-2008 Andrej Sali
                            All Rights Reserved

                             Written by A. Sali
                               with help from
           B. Webb, M.S. Madhusudhan, M-Y. Shen, M.A. Marti-Renom,
                N. Eswar, F. Alber, M. Topf, B. Oliva, A. Fiser,
                    R. Sanchez, B. Yerkovich, A. Badretdinov,
                      F. Melo, J.P. Overington, E. Feyfant
                 University of California, San Francisco, USA
                    Rockefeller University, New York, USA
                      Harvard University, Cambridge, USA
                   Imperial Cancer Research Fund, London, UK
              Birkbeck College, University of London, London, UK


Kind, OS, HostName, Kernel, Processor: 4, Linux eibsee 3.4.47-2.38-desktop x86_64
Date and time of compilation         : 2008/10/07 16:14:02
MODELLER executable type             : i386-intel8
Job starting time (YY/MM/DD HH:MM:SS): 2014/01/13 16:39:28

openf___224_> Open           $(LIB)/restyp.lib
openf___224_> Open           ${MODINSTALL9v5}/modlib/resgrp.lib
rdresgr_266_> Number of residue groups:        2
openf___224_> Open           ${MODINSTALL9v5}/modlib/sstruc.lib

Dynamically allocated memory at   amaxlibraries [B,KiB,MiB]:      3234072    3158.273     3.084

Dynamically allocated memory at   amaxlibraries [B,KiB,MiB]:      3234600    3158.789     3.085
openf___224_> Open           ${MODINSTALL9v5}/modlib/resdih.lib

Dynamically allocated memory at   amaxlibraries [B,KiB,MiB]:      3283200    3206.250     3.131
rdrdih__263_> Number of dihedral angle types         :        9
              Maximal number of dihedral angle optima:        3
              Dihedral angle names                   :  Alph Phi Psi Omeg chi1 chi2 chi3 chi4 chi5
openf___224_> Open           ${MODINSTALL9v5}/modlib/radii.lib

Dynamically allocated memory at   amaxlibraries [B,KiB,MiB]:      3292440    3215.273     3.140
openf___224_> Open           ${MODINSTALL9v5}/modlib/radii14.lib
openf___224_> Open           ${MODINSTALL9v5}/modlib/af_mnchdef.lib
rdwilmo_274_> Mainchain residue conformation classes:  APBLE
openf___224_> Open           ${MODINSTALL9v5}/modlib/mnch.lib
rdclass_257_> Number of classes:        5
openf___224_> Open           ${MODINSTALL9v5}/modlib/mnch1.lib
openf___224_> Open           ${MODINSTALL9v5}/modlib/mnch2.lib
openf___224_> Open           ${MODINSTALL9v5}/modlib/mnch3.lib
openf___224_> Open           ${MODINSTALL9v5}/modlib/xs4.mat
rdrrwgh_268_> Number of residue types:       21
io_data____W> Setting io.atom_files_directory to a colon-delimited string is
              deprecated, as it is not robust on Windows systems. Set it to
              a list of directories instead. For example:
              env.io.atom_files_directory = ['./', './atom_files']
openf___224_> Open           fdxCWW.pir

Dynamically allocated memory at   amaxalignment [B,KiB,MiB]:      3303853    3226.419     3.151

Dynamically allocated memory at   amaxalignment [B,KiB,MiB]:      3305303    3227.835     3.152

Dynamically allocated memory at   amaxalignment [B,KiB,MiB]:      3338163    3259.925     3.184

Dynamically allocated memory at    amaxsequence [B,KiB,MiB]:      3338391    3260.147     3.184

Dynamically allocated memory at    amaxsequence [B,KiB,MiB]:      3338607    3260.358     3.184

Dynamically allocated memory at    amaxsequence [B,KiB,MiB]:      3338823    3260.569     3.184

Read the alignment from file       : fdxCWW.pir
Total number of alignment positions:    59

  #  Code        #_Res #_Segm PDB_code    Name
-------------------------------------------------------------------------------
  1       1fxd      58      1        1fxd .
  2       1fdn      55      1        1fdn .
  3   ferodoxM      55      1        1fdx ferredoxin
check_a_343_> >> BEGINNING OF COMMAND
openf___224_> Open           ./atom_files/1fxd.pdb

Dynamically allocated memory at   amaxstructure [B,KiB,MiB]:      3371377    3292.360     3.215
openf___224_> Open           ./atom_files/1fdn.pdb

Dynamically allocated memory at   amaxstructure [B,KiB,MiB]:      3401304    3321.586     3.244

check_ali___> Checking pairwise structural superpositions. 

Equivalent CA pairs with distance difference larger than  6.0 angstroms:

ALN_POS TMPL1 TMPL2  RID1  RID2  NAM1  NAM2     DIST
----------------------------------------------------
     22     1     2   22    20      F     V    7.612
     23     1     2   23    21      E     N    6.336
     24     1     2   24    22      M     A    9.035
     25     1     2   25    23      N     I    8.290
     26     1     2   26    24      E     S    7.796
     27     1     2   27    25      E     S    6.454
     39     1     2   39    37      D     C    6.390
     41     1     2   41    39      D     D    6.463
END OF TABLE

check_ali___> Checking the sequence-structure alignment. 

Implied target CA(i)-CA(i+1) distances longer than  8.0 angstroms:

ALN_POS  TMPL  RID1  RID2  NAM1  NAM2     DIST
----------------------------------------------
END OF TABLE
check_a_344_> << END OF COMMAND
openf___224_> Open           ${LIB}/top_heav.lib
read_to_681_> topology.submodel read from topology file:        3
openf___224_> Open           ${MODINSTALL9v5}/modlib/models.lib
openf___224_> Open           ${LIB}/par.lib

Dynamically allocated memory at  amaxparameters [B,KiB,MiB]:      4350088    4248.133     4.149
openf___224_> Open           ${LIB}/par.lib
read_pa_232_> parameters    BONDS   ANGLS  DIHEDS IMPROPS    MODE
                              227     561     661     112       0

Dynamically allocated memory at       amaxmodel [B,KiB,MiB]:      4358566    4256.412     4.157

Dynamically allocated memory at       amaxmodel [B,KiB,MiB]:      4397766    4294.693     4.194

Dynamically allocated memory at       amaxmodel [B,KiB,MiB]:      4403310    4300.107     4.199

getf_______W> RTF restraint not found in the atoms list:
              residue type, indices:     3    55
              atom names           : C     +N
              atom indices         :   380     0

getf_______W> RTF restraint not found in the atoms list:
              residue type, indices:     3    55
              atom names           : C     CA    +N    O
              atom indices         :   380   375     0   381

mkilst______> segment topology constructed from sequence and RTF:
              segments residues atoms bonds angles dihedrals impropers:
                     1       55   381   387      0         0       153

Dynamically allocated memory at       amaxmodel [B,KiB,MiB]:      4419898    4316.307     4.215

patch_______> segment topology patched using RTF:     1  ;  ALA  ;  NTER
              segments residues atoms bonds angles dihedrals impropers:
                     1       55   381   387    530       641       153


Dynamically allocated memory at       amaxmodel [B,KiB,MiB]:      4437874    4333.861     4.232
patch_______> segment topology patched using RTF:    55  ;  ASP  ;  CTER
              segments residues atoms bonds angles dihedrals impropers:
                     1       55   382   388    532       643       154

genseg______> segment topology constructed from sequence and RTF:
              segments residues atoms bonds angles dihedrals impropers:
                     1       55   382   388    532       643       154

Dynamically allocated memory at       amaxmodel [B,KiB,MiB]:      4441810    4337.705     4.236
patch_______> segment topology patched using RTF:    18    39  ;  CYS  CYS  ;  DISU
              segments residues atoms bonds angles dihedrals impropers:
                     1       55   382   389    534       646       154
patch_s_522_> Number of disulfides patched in MODEL:        1
transfe_506_> MODEL is an average of all templates.
transfe_511_> Number of templates for coordinate transfer:        2
              After transferring coordinates of the equivalent template atoms,
              there are defined, undefined atoms in MODEL:      353       29
openf___224_> Open           ferodoxM.ini
wrpdb___568_> Residues, atoms, selected atoms:       55      382      382
make_re_417_> Restraint type to be calculated:  stereo

Dynamically allocated memory at  amaxrestraints [B,KiB,MiB]:      4548827    4442.214     4.338

Dynamically allocated memory at  amaxrestraints [B,KiB,MiB]:      4557019    4450.214     4.346

Dynamically allocated memory at  amaxrestraints [B,KiB,MiB]:      4573403    4466.214     4.362

Dynamically allocated memory at  amaxrestraints [B,KiB,MiB]:      4606171    4498.214     4.393
r_stere_606_> Stereochemical restraints were constructed from RTF & PRMF.
              Added bond,angle,dihedral,improper restraints  :      389     534     633     149
              Total number of restraints before, now         :        0     1705
make_re_422_> Number of previous, current restraints         :        0     1705
make_re_423_> Number of previous, current selected restraints:        0     1705
make_re_417_> Restraint type to be calculated:  phi-psi_binormal

Dynamically allocated memory at   amaxstructure [B,KiB,MiB]:      4635617    4526.970     4.421
openf___224_> Open           ${MODINSTALL9v5}/modlib/mnch1.bin
openf___224_> Open           ${MODINSTALL9v5}/modlib/mnch1.mdt
getdata_643_> Protein accepted:  1fxd
getdata_643_> Protein accepted:  1fdn
getdata_289_> Proteins (all/accepted):        2        2
make_re_422_> Number of previous, current restraints         :     1705     1758
make_re_423_> Number of previous, current selected restraints:     1705     1758
make_re_417_> Restraint type to be calculated:  omega_dihedral

Dynamically allocated memory at   amaxstructure [B,KiB,MiB]:      4635653    4527.005     4.421
openf___224_> Open           ${MODINSTALL9v5}/modlib/omega.bin
openf___224_> Open           ${MODINSTALL9v5}/modlib/omega.mdt
getdata_643_> Protein accepted:  1fxd
getdata_643_> Protein accepted:  1fdn
getdata_289_> Proteins (all/accepted):        2        2
omgdel__425_> Unselected all O C +N +CA dihedrals:       59
              (This is to avoid clashes between STEREO
              and OMEGA_DIHEDRAL restraints)
make_re_422_> Number of previous, current restraints         :     1758     1812
make_re_423_> Number of previous, current selected restraints:     1758     1753
make_re_417_> Restraint type to be calculated:  chi1_dihedral

Dynamically allocated memory at   amaxstructure [B,KiB,MiB]:      4635653    4527.005     4.421
openf___224_> Open           ${MODINSTALL9v5}/modlib/chi1234.bin
openf___224_> Open           ${MODINSTALL9v5}/modlib/chi1.mdt
getdata_643_> Protein accepted:  1fxd
getdata_643_> Protein accepted:  1fdn
getdata_289_> Proteins (all/accepted):        2        2
make_re_422_> Number of previous, current restraints         :     1812     1856
make_re_423_> Number of previous, current selected restraints:     1753     1797
make_re_417_> Restraint type to be calculated:  chi2_dihedral

Dynamically allocated memory at   amaxstructure [B,KiB,MiB]:      4635653    4527.005     4.421
openf___224_> Open           ${MODINSTALL9v5}/modlib/chi1234.bin
openf___224_> Open           ${MODINSTALL9v5}/modlib/chi2.mdt
getdata_643_> Protein accepted:  1fxd
getdata_643_> Protein accepted:  1fdn
getdata_289_> Proteins (all/accepted):        2        2
make_re_422_> Number of previous, current restraints         :     1856     1883
make_re_423_> Number of previous, current selected restraints:     1797     1824
make_re_417_> Restraint type to be calculated:  chi3_dihedral

Dynamically allocated memory at   amaxstructure [B,KiB,MiB]:      4635653    4527.005     4.421
openf___224_> Open           ${MODINSTALL9v5}/modlib/chi1234.bin
openf___224_> Open           ${MODINSTALL9v5}/modlib/chi3.mdt
getdata_643_> Protein accepted:  1fxd
getdata_643_> Protein accepted:  1fdn
getdata_289_> Proteins (all/accepted):        2        2

Dynamically allocated memory at  amaxrestraints [B,KiB,MiB]:      4668421    4559.005     4.452
make_re_422_> Number of previous, current restraints         :     1883     1893
make_re_423_> Number of previous, current selected restraints:     1824     1834
make_re_417_> Restraint type to be calculated:  chi4_dihedral

Dynamically allocated memory at   amaxstructure [B,KiB,MiB]:      4668421    4559.005     4.452
openf___224_> Open           ${MODINSTALL9v5}/modlib/chi1234.bin
openf___224_> Open           ${MODINSTALL9v5}/modlib/chi4.mdt
mdtrsr__446W> A potential that relies on one protein is used, yet you have at
              least one known structure available. MDT, not library, potential is used.
getdata_643_> Protein accepted:  1fxd
getdata_643_> Protein accepted:  1fdn
getdata_289_> Proteins (all/accepted):        2        2
make_re_422_> Number of previous, current restraints         :     1893     1894
make_re_423_> Number of previous, current selected restraints:     1834     1835
make_re_417_> Restraint type to be calculated:  DISTANCE

Dynamically allocated memory at amaxhash_contac [B,KiB,MiB]:      4778401    4666.407     4.557

Dynamically allocated memory at  amaxrestraints [B,KiB,MiB]:      4811169    4698.407     4.588

Dynamically allocated memory at  amaxrestraints [B,KiB,MiB]:      4876705    4762.407     4.651

Dynamically allocated memory at  amaxrestraints [B,KiB,MiB]:      4942241    4826.407     4.713

Dynamically allocated memory at  amaxrestraints [B,KiB,MiB]:      5073313    4954.407     4.838

Dynamically allocated memory at  amaxrestraints [B,KiB,MiB]:      5106081    4986.407     4.870
make_re_422_> Number of previous, current restraints         :     1894     2839
make_re_423_> Number of previous, current selected restraints:     1835     2780
make_re_417_> Restraint type to be calculated:  DISTANCE

Dynamically allocated memory at  amaxrestraints [B,KiB,MiB]:      5368225    5242.407     5.120
make_re_422_> Number of previous, current restraints         :     2839     3927
make_re_423_> Number of previous, current selected restraints:     2780     3868
make_re_417_> Restraint type to be calculated:  DISTANCE

Dynamically allocated memory at  amaxrestraints [B,KiB,MiB]:      5433761    5306.407     5.182

Dynamically allocated memory at  amaxrestraints [B,KiB,MiB]:      5564833    5434.407     5.307
make_re_422_> Number of previous, current restraints         :     3927     4740
make_re_423_> Number of previous, current selected restraints:     3868     4681
make_re_417_> Restraint type to be calculated:  DISTANCE
make_re_422_> Number of previous, current restraints         :     4740     4962
make_re_423_> Number of previous, current selected restraints:     4681     4903
0 atoms in HETATM residues constrained
to protein atoms within 2.30 angstroms
and protein CA atoms within 10.00 angstroms
make_re_417_> Restraint type to be calculated:  DISTANCE
make_re_422_> Number of previous, current restraints         :     4962     4962
make_re_423_> Number of previous, current selected restraints:     4903     4903
make_re_417_> Restraint type to be calculated:  DISTANCE
make_re_422_> Number of previous, current restraints         :     4962     4962
make_re_423_> Number of previous, current selected restraints:     4903     4903
make_re_417_> Restraint type to be calculated:  DISTANCE
make_re_422_> Number of previous, current restraints         :     4962     4962
make_re_423_> Number of previous, current selected restraints:     4903     4903
0 atoms in residues without defined topology
constrained to be rigid bodies
make_re_417_> Restraint type to be calculated:  DISTANCE
make_re_422_> Number of previous, current restraints         :     4962     4962
make_re_423_> Number of previous, current selected restraints:     4903     4903
rmdupl__427_>      323 redundant cosine dihedral restraints were unselected.
condens_443_> Restraints marked for deletion were removed.
              Total number of restraints before, now:     4962     4580
openf___224_> Open           ferodoxM.rsr
openf___224_> Open           ferodoxM.rsr
openf___224_> Open           ferodoxM.rsr
rdcsr2__307_> Number of restraints read    :     4580
              Number of excluded pairs read:        0
              Number of pseudo atoms read  :        0
openf___224_> Open           ferodoxM.rsr
openf___224_> Open           ferodoxM.rsr
rdcsr2__307_> Number of restraints read    :     4580
              Number of excluded pairs read:        0
              Number of pseudo atoms read  :        0
rdcsrs__304_> Restraints in memory, selected restraints:     4580     4580
              Explicitly excluded atom pairs in memory :        0
              Pseudo atoms in memory                   :        0
openf___224_> Open           ferodoxM.ini
read_mo_297_> Segments, residues, atoms:        1       55      382
read_mo_298_> Segment:        1     1    55      382
randomi_498_> Atoms,selected atoms,random_seed,amplitude:      382      382        1        4.0000
randomi_496_> Amplitude is > 0; randomization is done.
pick_re_612_> Number of MODEL atoms, selected restraints;      382     2511
pick_re_612_> Number of MODEL atoms, selected restraints;      382     2803
pick_re_612_> Number of MODEL atoms, selected restraints;      382     3012
pick_re_612_> Number of MODEL atoms, selected restraints;      382     3262
pick_re_612_> Number of MODEL atoms, selected restraints;      382     3769

Dynamically allocated memory at  amaxrestraints [B,KiB,MiB]:      5586585    5455.649     5.328
pick_re_612_> Number of MODEL atoms, selected restraints;      382     4128
pick_re_612_> Number of MODEL atoms, selected restraints;      382     4553
pick_re_612_> Number of MODEL atoms, selected restraints;      382     4580
iupac_m_485_> OD1/2 will be swapped:      127.9508        6     6
iupac_m_483_> CD1/2 CE1/2 swapped:       96.9504       29    29
iupac_m_397W> Atoms were not swapped because of the uncertainty of how to handle the H atom.
iupac_m_485_> OD1/2 will be swapped:       90.4574       55    55
iupac_m_484W> Dihedral still outside +-90:      -90.1313


>> ENERGY; Differences between the model's features and restraints:
Number of all residues in MODEL                   :       55
Number of all, selected real atoms                :      382     382
Number of all, selected pseudo atoms              :        0       0
Number of all static, selected restraints         :     4580    4580
COVALENT_CYS                                      :        F
NONBONDED_SEL_ATOMS                               :        1
Number of non-bonded pairs (excluding 1-2,1-3,1-4):      749
Dynamic pairs routine                             : 2, NATM x NATM cell sorting
Atomic shift for contacts update (UPDATE_DYNAMIC) :    0.390
LENNARD_JONES_SWITCH                              :    6.500   7.500
COULOMB_JONES_SWITCH                              :    6.500   7.500
RESIDUE_SPAN_RANGE                                :        0   99999
NLOGN_USE                                         :       15
CONTACT_SHELL                                     :    4.000
DYNAMIC_PAIRS,_SPHERE,_COULOMB,_LENNARD,_MODELLER :        T       T       F       F       F
SPHERE_STDV                                       :    0.050
RADII_FACTOR                                      :    0.820
Current energy                                    :        1421.9199





Summary of the restraint violations: 

   NUM     ... number of restraints.
   NUMVI   ... number of restraints with RVIOL > VIOL_REPORT_CUT[i].
   RVIOL   ... relative difference from the best value.
   NUMVP   ... number of restraints with -Ln(pdf) > VIOL_REPORT_CUT2[i].
   RMS_1   ... RMS(feature, minimally_violated_basis_restraint, NUMB).
   RMS_2   ... RMS(feature, best_value, NUMB).
   MOL.PDF ... scaled contribution to -Ln(Molecular pdf).

 #                     RESTRAINT_GROUP      NUM   NUMVI  NUMVP   RMS_1   RMS_2         MOL.PDF     S_i
------------------------------------------------------------------------------------------------------
 1 Bond length potential              :     388       0      0   0.011   0.011      10.684       1.000
 2 Bond angle potential               :     532       0      3   2.794   2.794      80.608       1.000
 3 Stereochemical cosine torsion poten:     250       0      9  53.049  53.049      104.65       1.000
 4 Stereochemical improper torsion pot:     149       0      1   1.916   1.916      11.169       1.000
 5 Soft-sphere overlap restraints     :     749       0      0   0.002   0.002     0.49014       1.000
 6 Lennard-Jones 6-12 potential       :       0       0      0   0.000   0.000      0.0000       1.000
 7 Coulomb point-point electrostatic p:       0       0      0   0.000   0.000      0.0000       1.000
 8 H-bonding potential                :       0       0      0   0.000   0.000      0.0000       1.000
 9 Distance restraints 1 (CA-CA)      :     945       0      1   0.244   0.244      278.55       1.000
10 Distance restraints 2 (N-O)        :    1088       0      0   0.271   0.271      345.76       1.000
11 Mainchain Phi dihedral restraints  :       0       0      0   0.000   0.000      0.0000       1.000
12 Mainchain Psi dihedral restraints  :       0       0      0   0.000   0.000      0.0000       1.000
13 Mainchain Omega dihedral restraints:      54       0      0   4.295   4.295      11.748       1.000
14 Sidechain Chi_1 dihedral restraints:      44       0      0  78.606  78.606      10.423       1.000
15 Sidechain Chi_2 dihedral restraints:      27       0      1  66.506  66.506      10.783       1.000
16 Sidechain Chi_3 dihedral restraints:      10       0      0  31.136  31.136      3.3660       1.000
17 Sidechain Chi_4 dihedral restraints:       1       0      0  12.505  12.505     0.37266       1.000
18 Disulfide distance restraints      :       1       0      0   0.088   0.088      1.3272       1.000
19 Disulfide angle restraints         :       2       0      1   9.064   9.064      3.6280       1.000
20 Disulfide dihedral angle restraints:       1       0      0  20.439  20.439     0.46800       1.000
21 Lower bound distance restraints    :       0       0      0   0.000   0.000      0.0000       1.000
22 Upper bound distance restraints    :       0       0      0   0.000   0.000      0.0000       1.000
23 Distance restraints 3 (SDCH-MNCH)  :     813       0      0   0.432   0.432      437.21       1.000
24 Sidechain Chi_5 dihedral restraints:       0       0      0   0.000   0.000      0.0000       1.000
25 Phi/Psi pair of dihedral restraints:      53       5      4  24.109  56.562      16.884       1.000
26 Distance restraints 4 (SDCH-SDCH)  :     222       0      0   0.790   0.790      93.796       1.000
27 Distance restraints 5 (X-Y)        :       0       0      0   0.000   0.000      0.0000       1.000
28 NMR distance restraints 6 (X-Y)    :       0       0      0   0.000   0.000      0.0000       1.000
29 NMR distance restraints 7 (X-Y)    :       0       0      0   0.000   0.000      0.0000       1.000
30 Minimal distance restraints        :       0       0      0   0.000   0.000      0.0000       1.000
31 Non-bonded restraints              :       0       0      0   0.000   0.000      0.0000       1.000
32 Atomic accessibility restraints    :       0       0      0   0.000   0.000      0.0000       1.000
33 Atomic density restraints          :       0       0      0   0.000   0.000      0.0000       1.000
34 Absolute position restraints       :       0       0      0   0.000   0.000      0.0000       1.000
35 Dihedral angle difference restraint:       0       0      0   0.000   0.000      0.0000       1.000
36 GBSA implicit solvent potential    :       0       0      0   0.000   0.000      0.0000       1.000
37 EM density fitting potential       :       0       0      0   0.000   0.000      0.0000       1.000
38 SAXS restraints                    :       0       0      0   0.000   0.000      0.0000       1.000
39 Symmetry restraints                :       0       0      0   0.000   0.000      0.0000       1.000



openf___224_> Open           ferodoxM.V99990002
# Heavy relative violation of each residue is written to: ferodoxM.V99990002
# The profile is NOT normalized by the number of restraints.
# The profiles are smoothed over a window of residues:    1
# The sum of all numbers in the file:    5673.6992



List of the violated restraints:
   A restraint is violated when the relative difference
   from the best value (RVIOL) is larger than CUTOFF.

   ICSR   ... index of a restraint in the current set.
   RESNO  ... residue numbers of the first two atoms.
   ATM    ... IUPAC atom names of the first two atoms.
   FEAT   ... the value of the feature in the model.
   restr  ... the mean of the basis restraint with the smallest
              difference from the model (local minimum).
   viol   ... difference from the local minimum.
   rviol  ... relative difference from the local minimum.
   RESTR  ... the best value (global minimum).
   VIOL   ... difference from the best value.
   RVIOL  ... relative difference from the best value.


-------------------------------------------------------------------------------------------------

Feature 25                           : Phi/Psi pair of dihedral restraints     
List of the RVIOL violations larger than   :       6.5000

    #   ICSR  RESNO1/2 ATM1/2   INDATM1/2    FEAT   restr    viol   rviol   RESTR    VIOL   RVIOL
    1   1342  19P  20V C   N     131  133 -110.95  -62.40   73.38    8.29  -62.40   73.38    8.29
    1         20V  20V N   CA    133  134   12.62  -42.40                  -42.40
    2   1347  24Q  25E C   N     171  173  -84.25  -69.30   25.59    1.46  -63.60  157.78   22.19
    2         25E  25E N   CA    173  174  163.27  142.50                  -40.30
    3   1349  26G  27S C   N     184  186  -65.76  -64.10    5.97    0.55 -136.60 -177.62   10.26
    3         27S  27S N   CA    186  187  -40.74  -35.00                  151.20
    4   1359  36C  37I C   N     256  258 -118.34  -63.40   94.28   14.34  -63.40   94.28   14.34
    4         37I  37I N   CA    258  259   33.02  -43.60                  -43.60
    5   1376  53P  54E C   N     363  365 -122.38 -117.80   10.59    0.42  -63.60 -176.95   27.73
    5         54E  54E N   CA    365  366  146.35  136.80                  -40.30


report______> Distribution of short non-bonded contacts:


DISTANCE1:  0.00 2.10 2.20 2.30 2.40 2.50 2.60 2.70 2.80 2.90 3.00 3.10 3.20 3.30 3.40
DISTANCE2:  2.10 2.20 2.30 2.40 2.50 2.60 2.70 2.80 2.90 3.00 3.10 3.20 3.30 3.40 3.50
FREQUENCY:     0    0    0    0    0    0    3   13   20   39   31   45   49   73   63


<< end of ENERGY.
openf___224_> Open           ferodoxM.B99990002.pdb
wrpdb___568_> Residues, atoms, selected atoms:       55      382      382

>> Summary of successfully produced models:
Filename                          molpdf
----------------------------------------
ferodoxM.B99990002.pdb        1421.91992


Dynamically allocated memory at          finish [B,KiB,MiB]:      5586585    5455.649     5.328
Starting time                                            : 2014/01/13 16:39:28
Closing time                                             : 2014/01/13 16:39:34
Total CPU time [seconds]                                 :       5.35
