
                         MODELLER 9v5, 2008/10/07, r6498

     PROTEIN STRUCTURE MODELLING BY SATISFACTION OF SPATIAL RESTRAINTS


                     Copyright(c) 1989-2008 Andrej Sali
                            All Rights Reserved

                             Written by A. Sali
                               with help from
           B. Webb, M.S. Madhusudhan, M-Y. Shen, M.A. Marti-Renom,
                N. Eswar, F. Alber, M. Topf, B. Oliva, A. Fiser,
                    R. Sanchez, B. Yerkovich, A. Badretdinov,
                      F. Melo, J.P. Overington, E. Feyfant
                 University of California, San Francisco, USA
                    Rockefeller University, New York, USA
                      Harvard University, Cambridge, USA
                   Imperial Cancer Research Fund, London, UK
              Birkbeck College, University of London, London, UK


Kind, OS, HostName, Kernel, Processor: 4, Linux eibsee 3.4.47-2.38-desktop x86_64
Date and time of compilation         : 2008/10/07 16:14:02
MODELLER executable type             : i386-intel8
Job starting time (YY/MM/DD HH:MM:SS): 2014/01/06 17:36:33

openf___224_> Open           $(LIB)/restyp.lib
openf___224_> Open           ${MODINSTALL9v5}/modlib/resgrp.lib
rdresgr_266_> Number of residue groups:        2
openf___224_> Open           ${MODINSTALL9v5}/modlib/sstruc.lib

Dynamically allocated memory at   amaxlibraries [B,KiB,MiB]:      3234072    3158.273     3.084

Dynamically allocated memory at   amaxlibraries [B,KiB,MiB]:      3234600    3158.789     3.085
openf___224_> Open           ${MODINSTALL9v5}/modlib/resdih.lib

Dynamically allocated memory at   amaxlibraries [B,KiB,MiB]:      3283200    3206.250     3.131
rdrdih__263_> Number of dihedral angle types         :        9
              Maximal number of dihedral angle optima:        3
              Dihedral angle names                   :  Alph Phi Psi Omeg chi1 chi2 chi3 chi4 chi5
openf___224_> Open           ${MODINSTALL9v5}/modlib/radii.lib

Dynamically allocated memory at   amaxlibraries [B,KiB,MiB]:      3292440    3215.273     3.140
openf___224_> Open           ${MODINSTALL9v5}/modlib/radii14.lib
openf___224_> Open           ${MODINSTALL9v5}/modlib/af_mnchdef.lib
rdwilmo_274_> Mainchain residue conformation classes:  APBLE
openf___224_> Open           ${MODINSTALL9v5}/modlib/mnch.lib
rdclass_257_> Number of classes:        5
openf___224_> Open           ${MODINSTALL9v5}/modlib/mnch1.lib
openf___224_> Open           ${MODINSTALL9v5}/modlib/mnch2.lib
openf___224_> Open           ${MODINSTALL9v5}/modlib/mnch3.lib
openf___224_> Open           ${MODINSTALL9v5}/modlib/xs4.mat
rdrrwgh_268_> Number of residue types:       21
io_data____W> Setting io.atom_files_directory to a colon-delimited string is
              deprecated, as it is not robust on Windows systems. Set it to
              a list of directories instead. For example:
              env.io.atom_files_directory = ['./', './atom_files']
openf___224_> Open           fdxhomologs.pir

Dynamically allocated memory at   amaxalignment [B,KiB,MiB]:      3307671    3230.147     3.154
openf___224_> Open           ./atom_files/1fdn.pdb

Dynamically allocated memory at   amaxalignment [B,KiB,MiB]:      3317219    3239.472     3.164

Dynamically allocated memory at   amaxalignment [B,KiB,MiB]:      3326767    3248.796     3.173
openf___224_> Open           ./atom_files/1fxd.pdb

Dynamically allocated memory at    amaxsequence [B,KiB,MiB]:      3326995    3249.019     3.173

Dynamically allocated memory at    amaxsequence [B,KiB,MiB]:      3327211    3249.229     3.173

Read the alignment from file       : fdxhomologs.pir
Total number of alignment positions:    58

  #  Code        #_Res #_Segm PDB_code    Name
-------------------------------------------------------------------------------
  1       1fxd      58      1        1fxd .
  2       1fdn      55      1        1fdn .
openf___224_> Open           $(LIB)/as1.sim.mat
rdrrwgh_268_> Number of residue types:       20

Multiple dynamic programming alignment (MALIGN):
  Residue-residue metric  : $(LIB)/as1.sim.mat
  ALIGN_BLOCK             :            1
  Gap introduction penalty:    -600.0000
  Gap extension penalty   :    -400.0000
  Length of alignment     :           58
openf___224_> Open           ./atom_files/1fxd.pdb

Dynamically allocated memory at   amaxstructure [B,KiB,MiB]:      3359765    3281.021     3.204
openf___224_> Open           ./atom_files/1fdn.pdb

Dynamically allocated memory at   amaxstructure [B,KiB,MiB]:      3389692    3310.246     3.233

Dynamically allocated memory at   amaxstructure [B,KiB,MiB]:      3409826    3329.908     3.252
malign3_328_> Initial framework positions:       58
malign3_330_> Framework, Cycles, RMS_frw(i-1,i):        1        2        0.0000

Dynamically allocated memory at   amaxalignment [B,KiB,MiB]:      3410442    3330.510     3.252

Dynamically allocated memory at   amaxstructure [B,KiB,MiB]:      3412871    3332.882     3.255
malign3_332_> Framework:        1
# Sequence alignment of the structurally conserved regions
# [average distance and standard deviation are with respect
#  to the framework (i.e., average structure)]
#
#  N av ds st dv   1fxd   1fdn   
# ===============================
   1 1.503 0.000   P   1  A   1  
   2 0.809 0.000   I   2  Y   2  
   3 0.469 0.000   E   3  V   3  
   4 0.453 0.000   V   4  I   4  
   5 0.474 0.000 * N   5  N   5  
   6 0.593 0.000   D   6  E   6  
   7 0.453 0.000   D   7  A   7  
   8 0.251 0.000 * C   8  C   8  
   9 0.295 0.000   M   9  I   9  
  10 0.425 0.000   A  10  S  10  
  11 0.886 0.000 * C  11  C  11  
  12 0.739 0.000   E  12  G  12  
  13 0.913 0.000 * A  13  A  13  
  14 0.752 0.000 * C  14  C  14  
  15 0.189 0.000   V  15  E  15  
  16 0.600 0.000   E  16  P  16  
  17 0.217 0.000   I  17  E  17  
  18 0.188 0.000 * C  18  C  18  
# ===============================
  19 0.856 0.000   D  20  N  21  
  20 0.769 0.000   V  21  A  22  
  21 0.406 0.000   F  22  I  23  
  22 0.513 0.000   E  23  S  24  
  23 0.501 0.000   M  24  S  25  
  24 0.790 0.000   N  25  G  26  
# ===============================
  25 0.842 0.000   K  30  R  29  
  26 0.435 0.000   A  31  Y  30  
  27 0.504 0.000 * V  32  V  31  
  28 0.404 0.000   V  33  I  32  
  29 0.768 0.000   I  34  D  33  
# ===============================
  30 0.862 0.000   P  36  A  34  
# ===============================
  31 1.247 0.000   S  38  C  37  
  32 1.013 0.000   D  39  I  38  
# ===============================
  33 1.586 0.000   D  41  C  40  
# ===============================
  34 0.609 0.000   E  44  G  41  
  35 0.772 0.000   E  45  A  42  
  36 0.554 0.000   A  46  C  43  
  37 0.554 0.000   I  47  A  44  
  38 0.812 0.000   D  48  G  45  
  39 0.705 0.000   S  49  V  46  
  40 0.388 0.000 * C  50  C  47  
  41 0.471 0.000 * P  51  P  48  
  42 0.699 0.000   A  52  V  49  
  43 0.578 0.000   E  53  D  50  
  44 0.426 0.000 * A  54  A  51  
  45 0.241 0.000   I  55  P  52  
  46 0.334 0.000 * V  56  V  53  
  47 0.641 0.000   R  57  Q  54  
  48 1.013 0.000   S  58  A  55  
# ===============================
malign3_330_> Framework, Cycles, RMS_frw(i-1,i):        2        3        0.0000
malign3_332_> Framework:        2
# Sequence alignment of the structurally conserved regions
# [average distance and standard deviation are with respect
#  to the framework (i.e., average structure)]
#
#  N av ds st dv   1fxd   1fdn   
# ===============================
   1 1.272 0.000   P   1  A   1  
   2 0.613 0.000   I   2  Y   2  
   3 0.357 0.000   E   3  V   3  
   4 0.359 0.000   V   4  I   4  
   5 0.333 0.000 * N   5  N   5  
   6 0.315 0.000   D   6  E   6  
   7 0.224 0.000   D   7  A   7  
   8 0.113 0.000 * C   8  C   8  
   9 0.246 0.000   M   9  I   9  
  10 0.279 0.000   A  10  S  10  
  11 0.683 0.000 * C  11  C  11  
  12 0.459 0.000   E  12  G  12  
  13 0.570 0.000 * A  13  A  13  
  14 0.587 0.000 * C  14  C  14  
  15 0.325 0.000   V  15  E  15  
  16 0.767 0.000   E  16  P  16  
  17 0.352 0.000   I  17  E  17  
  18 0.642 0.000 * C  18  C  18  
# ===============================
  19 0.614 0.000   D  20  N  21  
  20 0.512 0.000   V  21  A  22  
  21 0.201 0.000   F  22  I  23  
  22 0.126 0.000   E  23  S  24  
  23 0.145 0.000   M  24  S  25  
  24 0.421 0.000   N  25  G  26  
# ===============================
  25 1.966 0.000   E  27  D  27  
# ===============================
  26 0.543 0.000   K  30  R  29  
  27 0.175 0.000   A  31  Y  30  
  28 0.396 0.000 * V  32  V  31  
  29 0.426 0.000   V  33  I  32  
  30 0.820 0.000   I  34  D  33  
# ===============================
  31 0.872 0.000   P  36  A  34  
# ===============================
  32 0.983 0.000   S  38  C  37  
  33 0.815 0.000   D  39  I  38  
# ===============================
  34 1.946 0.000   V  43  C  40  
  35 0.917 0.000   E  44  G  41  
  36 0.819 0.000   E  45  A  42  
  37 0.594 0.000   A  46  C  43  
  38 0.480 0.000   I  47  A  44  
  39 0.379 0.000   D  48  G  45  
  40 0.343 0.000   S  49  V  46  
  41 0.187 0.000 * C  50  C  47  
  42 0.283 0.000 * P  51  P  48  
  43 0.529 0.000   A  52  V  49  
  44 0.321 0.000   E  53  D  50  
  45 0.234 0.000 * A  54  A  51  
  46 0.144 0.000   I  55  P  52  
  47 0.132 0.000 * V  56  V  53  
  48 0.264 0.000   R  57  Q  54  
  49 0.771 0.000   S  58  A  55  
# ===============================
malign3_330_> Framework, Cycles, RMS_frw(i-1,i):        3        3        0.0000
malign3_332_> Framework:        3
# Sequence alignment of the structurally conserved regions
# [average distance and standard deviation are with respect
#  to the framework (i.e., average structure)]
#
#  N av ds st dv   1fxd   1fdn   
# ===============================
   1 1.199 0.000   P   1  A   1  
   2 0.527 0.000   I   2  Y   2  
   3 0.305 0.000   E   3  V   3  
   4 0.299 0.000   V   4  I   4  
   5 0.238 0.000 * N   5  N   5  
   6 0.170 0.000   D   6  E   6  
   7 0.106 0.000   D   7  A   7  
   8 0.115 0.000 * C   8  C   8  
   9 0.255 0.000   M   9  I   9  
  10 0.246 0.000   A  10  S  10  
  11 0.693 0.000 * C  11  C  11  
  12 0.487 0.000   E  12  G  12  
  13 0.572 0.000 * A  13  A  13  
  14 0.609 0.000 * C  14  C  14  
  15 0.349 0.000   V  15  E  15  
  16 0.779 0.000   E  16  P  16  
  17 0.401 0.000   I  17  E  17  
  18 0.670 0.000 * C  18  C  18  
# ===============================
  19 0.630 0.000   D  20  N  21  
  20 0.525 0.000   V  21  A  22  
  21 0.219 0.000   F  22  I  23  
  22 0.162 0.000   E  23  S  24  
  23 0.231 0.000   M  24  S  25  
  24 0.318 0.000   N  25  G  26  
# ===============================
  25 1.765 0.000   E  27  D  27  
# ===============================
  26 1.905 0.000 * D  29  D  28  
  27 0.421 0.000   K  30  R  29  
  28 0.242 0.000   A  31  Y  30  
  29 0.316 0.000 * V  32  V  31  
  30 0.369 0.000   V  33  I  32  
  31 0.735 0.000   I  34  D  33  
# ===============================
  32 0.947 0.000   P  36  A  34  
# ===============================
  33 1.072 0.000   S  38  C  37  
  34 0.946 0.000   D  39  I  38  
# ===============================
  35 1.927 0.000   V  43  C  40  
  36 1.044 0.000   E  44  G  41  
  37 0.894 0.000   E  45  A  42  
  38 0.650 0.000   A  46  C  43  
  39 0.540 0.000   I  47  A  44  
  40 0.304 0.000   D  48  G  45  
  41 0.293 0.000   S  49  V  46  
  42 0.201 0.000 * C  50  C  47  
  43 0.292 0.000 * P  51  P  48  
  44 0.510 0.000   A  52  V  49  
  45 0.248 0.000   E  53  D  50  
  46 0.156 0.000 * A  54  A  51  
  47 0.100 0.000   I  55  P  52  
  48 0.208 0.000 * V  56  V  53  
  49 0.146 0.000   R  57  Q  54  
  50 0.719 0.000   S  58  A  55  
# ===============================
malign3_330_> Framework, Cycles, RMS_frw(i-1,i):        4        3        0.0000
malign3_332_> Framework:        4
# Sequence alignment of the structurally conserved regions
# [average distance and standard deviation are with respect
#  to the framework (i.e., average structure)]
#
#  N av ds st dv   1fxd   1fdn   
# ===============================
   1 1.188 0.000   P   1  A   1  
   2 0.517 0.000   I   2  Y   2  
   3 0.328 0.000   E   3  V   3  
   4 0.332 0.000   V   4  I   4  
   5 0.244 0.000 * N   5  N   5  
   6 0.180 0.000   D   6  E   6  
   7 0.130 0.000   D   7  A   7  
   8 0.195 0.000 * C   8  C   8  
   9 0.242 0.000   M   9  I   9  
  10 0.218 0.000   A  10  S  10  
  11 0.671 0.000 * C  11  C  11  
  12 0.502 0.000   E  12  G  12  
  13 0.559 0.000 * A  13  A  13  
  14 0.637 0.000 * C  14  C  14  
  15 0.407 0.000   V  15  E  15  
  16 0.832 0.000   E  16  P  16  
  17 0.458 0.000   I  17  E  17  
  18 0.702 0.000 * C  18  C  18  
# ===============================
  19 0.640 0.000   D  20  N  21  
  20 0.524 0.000   V  21  A  22  
  21 0.235 0.000   F  22  I  23  
  22 0.186 0.000   E  23  S  24  
  23 0.294 0.000   M  24  S  25  
  24 0.318 0.000   N  25  G  26  
# ===============================
  25 1.658 0.000   E  27  D  27  
# ===============================
  26 1.777 0.000 * D  29  D  28  
  27 0.333 0.000   K  30  R  29  
  28 0.263 0.000   A  31  Y  30  
  29 0.316 0.000 * V  32  V  31  
  30 0.383 0.000   V  33  I  32  
  31 0.694 0.000   I  34  D  33  
# ===============================
  32 0.977 0.000   P  36  A  34  
# ===============================
  33 1.094 0.000   S  38  C  37  
  34 0.984 0.000   D  39  I  38  
# ===============================
  35 1.948 0.000   V  43  C  40  
  36 1.072 0.000   E  44  G  41  
  37 0.911 0.000   E  45  A  42  
  38 0.635 0.000   A  46  C  43  
  39 0.531 0.000   I  47  A  44  
  40 0.282 0.000   D  48  G  45  
  41 0.268 0.000   S  49  V  46  
  42 0.213 0.000 * C  50  C  47  
  43 0.329 0.000 * P  51  P  48  
  44 0.542 0.000   A  52  V  49  
  45 0.274 0.000   E  53  D  50  
  46 0.187 0.000 * A  54  A  51  
  47 0.097 0.000   I  55  P  52  
  48 0.232 0.000 * V  56  V  53  
  49 0.148 0.000   R  57  Q  54  
  50 0.722 0.000   S  58  A  55  
# ===============================

Least-squares dynamic programming alignment:
     FIT_ATOMS atoms for alignment     : CA
     Max dist from frw for equivalence :    4.0000
     Gap introduction penalty          :    0.0000
     Gap extension penalty             :    2.0000
     Numb of residues in framework     :        50
openf___224_> Open           fdxhomologs.pir

Read the alignment from file       : fdxhomologs.pir
Total number of alignment positions:    63

  #  Code        #_Res #_Segm PDB_code    Name
-------------------------------------------------------------------------------
  1       1fxd      58      1        1fxd .
  2       1fdn      55      1        1fdn .
  3    ferodox      55      1        1fdx ferredoxin
openf___224_> Open           $(LIB)/as1.sim.mat
rdrrwgh_268_> Number of residue types:       20

Pairwise dynamic programming alignment (ALIGN):
  Residue-residue metric   : $(LIB)/as1.sim.mat
  Diagonal                 :          100
  Overhang                 :            0
  Local alignment          :            F
  MATRIX_OFFSET (local aln):       0.0000
  N_SUBOPT                 :            1
  SUBOPT_OFFSET            :       0.0000
  Alignment block          :            2
  Gap introduction penalty :    -600.0000
  Gap extension penalty    :    -400.0000
  Length of alignment      :           64
  Score                    :   27554.0000
openf___224_> Open           fdxhomologs.pir.ali

Sequence identity comparison (ID_TABLE):

   Diagonal       ... number of residues;
   Upper triangle ... number of identical residues;
   Lower triangle ... % sequence identity, id/min(length).

         1fxd  @11fdn  @1ferodo@2
1fxd  @1       58      12      13
1fdn  @1       22      55      34
ferodo@2       24      62      55
openf___224_> Open           fdxhomologs.pir.ali

Dynamically allocated memory at   amaxalignment [B,KiB,MiB]:      3303853    3226.419     3.151

Dynamically allocated memory at   amaxalignment [B,KiB,MiB]:      3305303    3227.835     3.152

Dynamically allocated memory at   amaxalignment [B,KiB,MiB]:      3338163    3259.925     3.184

Dynamically allocated memory at    amaxsequence [B,KiB,MiB]:      3338391    3260.147     3.184

Dynamically allocated memory at    amaxsequence [B,KiB,MiB]:      3338607    3260.358     3.184

Dynamically allocated memory at    amaxsequence [B,KiB,MiB]:      3338823    3260.569     3.184

Read the alignment from file       : fdxhomologs.pir.ali
Total number of alignment positions:    64

  #  Code        #_Res #_Segm PDB_code    Name
-------------------------------------------------------------------------------
  1       1fxd      58      1        1fxd .
  2       1fdn      55      1        1fdn .
  3    ferodox      55      1        1fdx ferredoxin
check_a_343_> >> BEGINNING OF COMMAND
openf___224_> Open           ./atom_files/1fxd.pdb

Dynamically allocated memory at   amaxstructure [B,KiB,MiB]:      3371377    3292.360     3.215
openf___224_> Open           ./atom_files/1fdn.pdb

Dynamically allocated memory at   amaxstructure [B,KiB,MiB]:      3401304    3321.586     3.244

check_ali___> Checking pairwise structural superpositions. 

Equivalent CA pairs with distance difference larger than  6.0 angstroms:

ALN_POS TMPL1 TMPL2  RID1  RID2  NAM1  NAM2     DIST
----------------------------------------------------
END OF TABLE

check_ali___> Checking the sequence-structure alignment. 

Implied target CA(i)-CA(i+1) distances longer than  8.0 angstroms:

ALN_POS  TMPL  RID1  RID2  NAM1  NAM2     DIST
----------------------------------------------
     25     1   23    27      Q     E   11.536
     25     2   24    27      Q     E   10.105
END OF TABLE
check_a_344_> << END OF COMMAND
openf___224_> Open           ${LIB}/top_heav.lib
read_to_681_> topology.submodel read from topology file:        3
openf___224_> Open           ${MODINSTALL9v5}/modlib/models.lib
openf___224_> Open           ${LIB}/par.lib

Dynamically allocated memory at  amaxparameters [B,KiB,MiB]:      4350088    4248.133     4.149
openf___224_> Open           ${LIB}/par.lib
read_pa_232_> parameters    BONDS   ANGLS  DIHEDS IMPROPS    MODE
                              227     561     661     112       0

Dynamically allocated memory at       amaxmodel [B,KiB,MiB]:      4358566    4256.412     4.157

Dynamically allocated memory at       amaxmodel [B,KiB,MiB]:      4397766    4294.693     4.194

Dynamically allocated memory at       amaxmodel [B,KiB,MiB]:      4403310    4300.107     4.199

getf_______W> RTF restraint not found in the atoms list:
              residue type, indices:     3    55
              atom names           : C     +N
              atom indices         :   380     0

getf_______W> RTF restraint not found in the atoms list:
              residue type, indices:     3    55
              atom names           : C     CA    +N    O
              atom indices         :   380   375     0   381

mkilst______> segment topology constructed from sequence and RTF:
              segments residues atoms bonds angles dihedrals impropers:
                     1       55   381   387      0         0       153

Dynamically allocated memory at       amaxmodel [B,KiB,MiB]:      4419898    4316.307     4.215

patch_______> segment topology patched using RTF:     1  ;  ALA  ;  NTER
              segments residues atoms bonds angles dihedrals impropers:
                     1       55   381   387    530       641       153


Dynamically allocated memory at       amaxmodel [B,KiB,MiB]:      4437874    4333.861     4.232
patch_______> segment topology patched using RTF:    55  ;  ASP  ;  CTER
              segments residues atoms bonds angles dihedrals impropers:
                     1       55   382   388    532       643       154

genseg______> segment topology constructed from sequence and RTF:
              segments residues atoms bonds angles dihedrals impropers:
                     1       55   382   388    532       643       154
transfe_506_> MODEL is an average of all templates.
transfe_511_> Number of templates for coordinate transfer:        2
              After transferring coordinates of the equivalent template atoms,
              there are defined, undefined atoms in MODEL:      354       28
openf___224_> Open           ferodox.ini
wrpdb___568_> Residues, atoms, selected atoms:       55      382      382
make_re_417_> Restraint type to be calculated:  stereo

Dynamically allocated memory at  amaxrestraints [B,KiB,MiB]:      4544891    4438.370     4.334

Dynamically allocated memory at  amaxrestraints [B,KiB,MiB]:      4553083    4446.370     4.342

Dynamically allocated memory at  amaxrestraints [B,KiB,MiB]:      4569467    4462.370     4.358

Dynamically allocated memory at  amaxrestraints [B,KiB,MiB]:      4602235    4494.370     4.389
r_stere_606_> Stereochemical restraints were constructed from RTF & PRMF.
              Added bond,angle,dihedral,improper restraints  :      388     532     628     149
              Total number of restraints before, now         :        0     1697
make_re_422_> Number of previous, current restraints         :        0     1697
make_re_423_> Number of previous, current selected restraints:        0     1697
make_re_417_> Restraint type to be calculated:  phi-psi_binormal

Dynamically allocated memory at   amaxstructure [B,KiB,MiB]:      4631681    4523.126     4.417
openf___224_> Open           ${MODINSTALL9v5}/modlib/mnch1.bin
openf___224_> Open           ${MODINSTALL9v5}/modlib/mnch1.mdt
getdata_643_> Protein accepted:  1fxd
getdata_643_> Protein accepted:  1fdn
getdata_289_> Proteins (all/accepted):        2        2
make_re_422_> Number of previous, current restraints         :     1697     1750
make_re_423_> Number of previous, current selected restraints:     1697     1750
make_re_417_> Restraint type to be calculated:  omega_dihedral

Dynamically allocated memory at   amaxstructure [B,KiB,MiB]:      4631717    4523.161     4.417
openf___224_> Open           ${MODINSTALL9v5}/modlib/omega.bin
openf___224_> Open           ${MODINSTALL9v5}/modlib/omega.mdt
getdata_643_> Protein accepted:  1fxd
getdata_643_> Protein accepted:  1fdn
getdata_289_> Proteins (all/accepted):        2        2
omgdel__425_> Unselected all O C +N +CA dihedrals:       59
              (This is to avoid clashes between STEREO
              and OMEGA_DIHEDRAL restraints)
make_re_422_> Number of previous, current restraints         :     1750     1804
make_re_423_> Number of previous, current selected restraints:     1750     1745
make_re_417_> Restraint type to be calculated:  chi1_dihedral

Dynamically allocated memory at   amaxstructure [B,KiB,MiB]:      4631717    4523.161     4.417
openf___224_> Open           ${MODINSTALL9v5}/modlib/chi1234.bin
openf___224_> Open           ${MODINSTALL9v5}/modlib/chi1.mdt
getdata_643_> Protein accepted:  1fxd
getdata_643_> Protein accepted:  1fdn
getdata_289_> Proteins (all/accepted):        2        2
make_re_422_> Number of previous, current restraints         :     1804     1848
make_re_423_> Number of previous, current selected restraints:     1745     1789
make_re_417_> Restraint type to be calculated:  chi2_dihedral

Dynamically allocated memory at   amaxstructure [B,KiB,MiB]:      4631717    4523.161     4.417
openf___224_> Open           ${MODINSTALL9v5}/modlib/chi1234.bin
openf___224_> Open           ${MODINSTALL9v5}/modlib/chi2.mdt
getdata_643_> Protein accepted:  1fxd
getdata_643_> Protein accepted:  1fdn
getdata_289_> Proteins (all/accepted):        2        2
make_re_422_> Number of previous, current restraints         :     1848     1875
make_re_423_> Number of previous, current selected restraints:     1789     1816
make_re_417_> Restraint type to be calculated:  chi3_dihedral

Dynamically allocated memory at   amaxstructure [B,KiB,MiB]:      4631717    4523.161     4.417
openf___224_> Open           ${MODINSTALL9v5}/modlib/chi1234.bin
openf___224_> Open           ${MODINSTALL9v5}/modlib/chi3.mdt
getdata_643_> Protein accepted:  1fxd
getdata_643_> Protein accepted:  1fdn
getdata_289_> Proteins (all/accepted):        2        2

Dynamically allocated memory at  amaxrestraints [B,KiB,MiB]:      4664485    4555.161     4.448
make_re_422_> Number of previous, current restraints         :     1875     1885
make_re_423_> Number of previous, current selected restraints:     1816     1826
make_re_417_> Restraint type to be calculated:  chi4_dihedral

Dynamically allocated memory at   amaxstructure [B,KiB,MiB]:      4664485    4555.161     4.448
openf___224_> Open           ${MODINSTALL9v5}/modlib/chi1234.bin
openf___224_> Open           ${MODINSTALL9v5}/modlib/chi4.mdt
mdtrsr__446W> A potential that relies on one protein is used, yet you have at
              least one known structure available. MDT, not library, potential is used.
getdata_643_> Protein accepted:  1fxd
getdata_643_> Protein accepted:  1fdn
getdata_289_> Proteins (all/accepted):        2        2
make_re_422_> Number of previous, current restraints         :     1885     1886
make_re_423_> Number of previous, current selected restraints:     1826     1827
make_re_417_> Restraint type to be calculated:  DISTANCE

Dynamically allocated memory at amaxhash_contac [B,KiB,MiB]:      4774465    4662.563     4.553

Dynamically allocated memory at  amaxrestraints [B,KiB,MiB]:      4807233    4694.563     4.585

Dynamically allocated memory at  amaxrestraints [B,KiB,MiB]:      4872769    4758.563     4.647

Dynamically allocated memory at  amaxrestraints [B,KiB,MiB]:      4938305    4822.563     4.710

Dynamically allocated memory at  amaxrestraints [B,KiB,MiB]:      5069377    4950.563     4.835
make_re_422_> Number of previous, current restraints         :     1886     2726
make_re_423_> Number of previous, current selected restraints:     1827     2667
make_re_417_> Restraint type to be calculated:  DISTANCE

Dynamically allocated memory at  amaxrestraints [B,KiB,MiB]:      5102145    4982.563     4.866

Dynamically allocated memory at  amaxrestraints [B,KiB,MiB]:      5364289    5238.563     5.116
make_re_422_> Number of previous, current restraints         :     2726     3684
make_re_423_> Number of previous, current selected restraints:     2667     3625
make_re_417_> Restraint type to be calculated:  DISTANCE

Dynamically allocated memory at  amaxrestraints [B,KiB,MiB]:      5429825    5302.563     5.178
make_re_422_> Number of previous, current restraints         :     3684     4406
make_re_423_> Number of previous, current selected restraints:     3625     4347
make_re_417_> Restraint type to be calculated:  DISTANCE
make_re_422_> Number of previous, current restraints         :     4406     4621
make_re_423_> Number of previous, current selected restraints:     4347     4562
0 atoms in HETATM residues constrained
to protein atoms within 2.30 angstroms
and protein CA atoms within 10.00 angstroms
make_re_417_> Restraint type to be calculated:  DISTANCE
make_re_422_> Number of previous, current restraints         :     4621     4621
make_re_423_> Number of previous, current selected restraints:     4562     4562
make_re_417_> Restraint type to be calculated:  DISTANCE
make_re_422_> Number of previous, current restraints         :     4621     4621
make_re_423_> Number of previous, current selected restraints:     4562     4562
make_re_417_> Restraint type to be calculated:  DISTANCE
make_re_422_> Number of previous, current restraints         :     4621     4621
make_re_423_> Number of previous, current selected restraints:     4562     4562
0 atoms in residues without defined topology
constrained to be rigid bodies
make_re_417_> Restraint type to be calculated:  DISTANCE
make_re_422_> Number of previous, current restraints         :     4621     4621
make_re_423_> Number of previous, current selected restraints:     4562     4562
rmdupl__427_>      321 redundant cosine dihedral restraints were unselected.
condens_443_> Restraints marked for deletion were removed.
              Total number of restraints before, now:     4621     4241
openf___224_> Open           ferodox.rsr
openf___224_> Open           ferodox.rsr
openf___224_> Open           ferodox.rsr
rdcsr2__307_> Number of restraints read    :     4241
              Number of excluded pairs read:        0
              Number of pseudo atoms read  :        0

Dynamically allocated memory at  amaxrestraints [B,KiB,MiB]:      5431445    5304.146     5.180
openf___224_> Open           ferodox.rsr
openf___224_> Open           ferodox.rsr
rdcsr2__307_> Number of restraints read    :     4241
              Number of excluded pairs read:        0
              Number of pseudo atoms read  :        0
rdcsrs__304_> Restraints in memory, selected restraints:     4241     4241
              Explicitly excluded atom pairs in memory :        0
              Pseudo atoms in memory                   :        0
openf___224_> Open           ferodox.ini
read_mo_297_> Segments, residues, atoms:        1       55      382
read_mo_298_> Segment:        1     1    55      382
randomi_498_> Atoms,selected atoms,random_seed,amplitude:      382      382        1        4.0000
randomi_496_> Amplitude is > 0; randomization is done.
pick_re_612_> Number of MODEL atoms, selected restraints;      382     2399
pick_re_612_> Number of MODEL atoms, selected restraints;      382     2656
pick_re_612_> Number of MODEL atoms, selected restraints;      382     2841
pick_re_612_> Number of MODEL atoms, selected restraints;      382     3022
pick_re_612_> Number of MODEL atoms, selected restraints;      382     3473

Dynamically allocated memory at  amaxrestraints [B,KiB,MiB]:      5582649    5451.806     5.324
pick_re_612_> Number of MODEL atoms, selected restraints;      382     3790
pick_re_612_> Number of MODEL atoms, selected restraints;      382     4193
pick_re_612_> Number of MODEL atoms, selected restraints;      382     4241
iupac_m_486_> OE1/2 will be swapped:     -166.2013       17    17
iupac_m_485_> OD1/2 will be swapped:     -177.3494       32    32
iupac_m_485_> OD1/2 will be swapped:      120.4942       55    55


>> ENERGY; Differences between the model's features and restraints:
Number of all residues in MODEL                   :       55
Number of all, selected real atoms                :      382     382
Number of all, selected pseudo atoms              :        0       0
Number of all static, selected restraints         :     4241    4241
COVALENT_CYS                                      :        F
NONBONDED_SEL_ATOMS                               :        1
Number of non-bonded pairs (excluding 1-2,1-3,1-4):      753
Dynamic pairs routine                             : 2, NATM x NATM cell sorting
Atomic shift for contacts update (UPDATE_DYNAMIC) :    0.390
LENNARD_JONES_SWITCH                              :    6.500   7.500
COULOMB_JONES_SWITCH                              :    6.500   7.500
RESIDUE_SPAN_RANGE                                :        0   99999
NLOGN_USE                                         :       15
CONTACT_SHELL                                     :    4.000
DYNAMIC_PAIRS,_SPHERE,_COULOMB,_LENNARD,_MODELLER :        T       T       F       F       F
SPHERE_STDV                                       :    0.050
RADII_FACTOR                                      :    0.820
Current energy                                    :        1380.0945





Summary of the restraint violations: 

   NUM     ... number of restraints.
   NUMVI   ... number of restraints with RVIOL > VIOL_REPORT_CUT[i].
   RVIOL   ... relative difference from the best value.
   NUMVP   ... number of restraints with -Ln(pdf) > VIOL_REPORT_CUT2[i].
   RMS_1   ... RMS(feature, minimally_violated_basis_restraint, NUMB).
   RMS_2   ... RMS(feature, best_value, NUMB).
   MOL.PDF ... scaled contribution to -Ln(Molecular pdf).

 #                     RESTRAINT_GROUP      NUM   NUMVI  NUMVP   RMS_1   RMS_2         MOL.PDF     S_i
------------------------------------------------------------------------------------------------------
 1 Bond length potential              :     388       0      0   0.007   0.007      4.5160       1.000
 2 Bond angle potential               :     532       0      1   2.328   2.328      56.048       1.000
 3 Stereochemical cosine torsion poten:     248       0      8  51.751  51.751      96.487       1.000
 4 Stereochemical improper torsion pot:     149       0      0   1.147   1.147      4.0524       1.000
 5 Soft-sphere overlap restraints     :     753       0      0   0.003   0.003     0.56559       1.000
 6 Lennard-Jones 6-12 potential       :       0       0      0   0.000   0.000      0.0000       1.000
 7 Coulomb point-point electrostatic p:       0       0      0   0.000   0.000      0.0000       1.000
 8 H-bonding potential                :       0       0      0   0.000   0.000      0.0000       1.000
 9 Distance restraints 1 (CA-CA)      :     840       1      5   0.660   0.660      359.76       1.000
10 Distance restraints 2 (N-O)        :     958       0      0   0.736   0.736      433.71       1.000
11 Mainchain Phi dihedral restraints  :       0       0      0   0.000   0.000      0.0000       1.000
12 Mainchain Psi dihedral restraints  :       0       0      0   0.000   0.000      0.0000       1.000
13 Mainchain Omega dihedral restraints:      54       0      0   3.868   3.868      9.5255       1.000
14 Sidechain Chi_1 dihedral restraints:      44       0      0  75.563  75.563      10.375       1.000
15 Sidechain Chi_2 dihedral restraints:      27       0      0  60.928  60.928      11.747       1.000
16 Sidechain Chi_3 dihedral restraints:      10       0      0  38.150  38.150      4.5839       1.000
17 Sidechain Chi_4 dihedral restraints:       1       0      0   0.445   0.445     0.22445       1.000
18 Disulfide distance restraints      :       0       0      0   0.000   0.000      0.0000       1.000
19 Disulfide angle restraints         :       0       0      0   0.000   0.000      0.0000       1.000
20 Disulfide dihedral angle restraints:       0       0      0   0.000   0.000      0.0000       1.000
21 Lower bound distance restraints    :       0       0      0   0.000   0.000      0.0000       1.000
22 Upper bound distance restraints    :       0       0      0   0.000   0.000      0.0000       1.000
23 Distance restraints 3 (SDCH-MNCH)  :     722       0      0   0.759   0.759      329.50       1.000
24 Sidechain Chi_5 dihedral restraints:       0       0      0   0.000   0.000      0.0000       1.000
25 Phi/Psi pair of dihedral restraints:      53       2      1  19.413  47.792      2.6331       1.000
26 Distance restraints 4 (SDCH-SDCH)  :     215       0      0   0.999   0.999      56.364       1.000
27 Distance restraints 5 (X-Y)        :       0       0      0   0.000   0.000      0.0000       1.000
28 NMR distance restraints 6 (X-Y)    :       0       0      0   0.000   0.000      0.0000       1.000
29 NMR distance restraints 7 (X-Y)    :       0       0      0   0.000   0.000      0.0000       1.000
30 Minimal distance restraints        :       0       0      0   0.000   0.000      0.0000       1.000
31 Non-bonded restraints              :       0       0      0   0.000   0.000      0.0000       1.000
32 Atomic accessibility restraints    :       0       0      0   0.000   0.000      0.0000       1.000
33 Atomic density restraints          :       0       0      0   0.000   0.000      0.0000       1.000
34 Absolute position restraints       :       0       0      0   0.000   0.000      0.0000       1.000
35 Dihedral angle difference restraint:       0       0      0   0.000   0.000      0.0000       1.000
36 GBSA implicit solvent potential    :       0       0      0   0.000   0.000      0.0000       1.000
37 EM density fitting potential       :       0       0      0   0.000   0.000      0.0000       1.000
38 SAXS restraints                    :       0       0      0   0.000   0.000      0.0000       1.000
39 Symmetry restraints                :       0       0      0   0.000   0.000      0.0000       1.000



openf___224_> Open           ferodox.V99990001
# Heavy relative violation of each residue is written to: ferodox.V99990001
# The profile is NOT normalized by the number of restraints.
# The profiles are smoothed over a window of residues:    1
# The sum of all numbers in the file:    5227.8330



List of the violated restraints:
   A restraint is violated when the relative difference
   from the best value (RVIOL) is larger than CUTOFF.

   ICSR   ... index of a restraint in the current set.
   RESNO  ... residue numbers of the first two atoms.
   ATM    ... IUPAC atom names of the first two atoms.
   FEAT   ... the value of the feature in the model.
   restr  ... the mean of the basis restraint with the smallest
              difference from the model (local minimum).
   viol   ... difference from the local minimum.
   rviol  ... relative difference from the local minimum.
   RESTR  ... the best value (global minimum).
   VIOL   ... difference from the best value.
   RVIOL  ... relative difference from the best value.


-------------------------------------------------------------------------------------------------

Feature 25                           : Phi/Psi pair of dihedral restraints     
List of the RVIOL violations larger than   :       6.5000

    #   ICSR  RESNO1/2 ATM1/2   INDATM1/2    FEAT   restr    viol   rviol   RESTR    VIOL   RVIOL
    1   1341  24Q  25E C   N     171  173  -79.28  -69.30   25.72    1.61  -63.60  154.29   21.45
    1         25E  25E N   CA    173  174  166.21  142.50                  -40.30
    2   1368  51P  52N C   N     348  350  -62.96  -71.20   12.97    1.03  -63.20  166.09   20.75
    2         52N  52N N   CA    350  351  152.82  142.80                  -41.10


report______> Distribution of short non-bonded contacts:


DISTANCE1:  0.00 2.10 2.20 2.30 2.40 2.50 2.60 2.70 2.80 2.90 3.00 3.10 3.20 3.30 3.40
DISTANCE2:  2.10 2.20 2.30 2.40 2.50 2.60 2.70 2.80 2.90 3.00 3.10 3.20 3.30 3.40 3.50
FREQUENCY:     0    0    0    0    0    4    3   24   28   27   37   36   54   54   61


<< end of ENERGY.
openf___224_> Open           ferodox.B99990001.pdb
wrpdb___568_> Residues, atoms, selected atoms:       55      382      382

>> Summary of successfully produced models:
Filename                          molpdf
----------------------------------------
ferodox.B99990001.pdb         1380.09448


Dynamically allocated memory at          finish [B,KiB,MiB]:      5582649    5451.806     5.324
Starting time                                            : 2014/01/06 17:36:33
Closing time                                             : 2014/01/06 17:36:39
Total CPU time [seconds]                                 :       4.62
